ASxxxx Assembler V05.00  (Motorola 6809), page 1.
Hexidecimal [16-Bits]



                              1 .module imprimir
                              2 
                     FF01     3 finProg     .equ 0xFF01
                     FF00     4 pantalla    .equ 0xFF00
                     FF02     5 teclado     .equ 0xFF02
                              6 
                              7 .globl imprime_cadena
                              8 .globl imprime_byte
                              9 .globl imprime_decimal
                             10 
   0000 00 00                11 tempSalida:       .word 0      
   0002 00                   12 centenas:         .byte 0      
   0003 00                   13 decenas:          .byte 0      
                             14 
   0004                      15 imprime_cadena:
   0004 34 12         [ 7]   16     pshs    A,X
   0006                      17 sgte:
   0006 A6 80         [ 6]   18     lda     ,X+
   0008 27 05         [ 3]   19     beq     ret_imprime_cadena
   000A B7 FF 00      [ 5]   20     sta     pantalla
   000D 20 F7         [ 3]   21     bra     sgte
   000F                      22 ret_imprime_cadena:
   000F 35 92         [ 8]   23     puls    A,X,PC
                             24 
   0011                      25 imprime_byte:
   0011 34 06         [ 7]   26     pshs    A,B
   0013 CE 00 00      [ 3]   27     ldu     #0
   0016 1F 98         [ 6]   28     tfr     B,A
   0018 C6 00         [ 2]   29     ldb     #0
   001A                      30 cent_bucle:
   001A 81 64         [ 2]   31     cmpa    #100
   001C 25 05         [ 3]   32     blo     fin_cent
   001E 80 64         [ 2]   33     suba    #100
   0020 5C            [ 2]   34     incb
   0021 20 F7         [ 3]   35     bra     cent_bucle
   0023                      36 fin_cent:
   0023 5D            [ 2]   37     tstb
   0024 27 05         [ 3]   38     beq     pasar_cent
q  0026 CB 30         [ 2]   39     addb    #'0'
   0028 F7 FF 00      [ 5]   40     stb     pantalla
   002B                      41 pasar_cent:
   002B C6 00         [ 2]   42     ldb     #0
   002D                      43 dec_bucle:
   002D 81 0A         [ 2]   44     cmpa    #10
   002F 25 05         [ 3]   45     blo     fin_dec
   0031 80 0A         [ 2]   46     suba    #10
   0033 5C            [ 2]   47     incb
   0034 20 F7         [ 3]   48     bra     dec_bucle
   0036                      49 fin_dec:
   0036 5D            [ 2]   50     tstb
   0037 27 05         [ 3]   51     beq     pasar_dec
q  0039 CB 30         [ 2]   52     addb    #'0'
   003B F7 FF 00      [ 5]   53     stb     pantalla
   003E                      54 pasar_dec:
q  003E 8B 30         [ 2]   55     adda    #'0'
ASxxxx Assembler V05.00  (Motorola 6809), page 2.
Hexidecimal [16-Bits]



   0040 B7 FF 00      [ 5]   56     sta     pantalla
   0043 35 86         [ 8]   57     puls    A,B,PC
                             58 
   0045                      59 imprime_decimal:
   0045 34 16         [ 8]   60     pshs    A,B,X
   0047 FD 00 00      [ 6]   61     std     tempSalida
   004A 7F 00 02      [ 7]   62     clr     centenas
   004D                      63 centenas_loop:
   004D 10 83 00 64   [ 5]   64     cmpd    #100
   0051 25 08         [ 3]   65     blo     fin_centenas
   0053 83 00 64      [ 4]   66     subd    #100
   0056 7C 00 02      [ 7]   67     inc     centenas
   0059 20 F2         [ 3]   68     bra     centenas_loop
   005B                      69 fin_centenas:
   005B 34 06         [ 7]   70     pshs    D
   005D B6 00 02      [ 5]   71     lda     centenas
q  0060 8B 30         [ 2]   72     adda    #'0'
   0062 B7 FF 00      [ 5]   73     sta     pantalla
   0065 35 06         [ 7]   74     puls    D
   0067 7F 00 03      [ 7]   75     clr     decenas
   006A                      76 decenas_loop:
   006A 10 83 00 0A   [ 5]   77     cmpd    #10
   006E 25 08         [ 3]   78     blo     fin_decenas
   0070 83 00 0A      [ 4]   79     subd    #10
   0073 7C 00 03      [ 7]   80     inc     decenas
   0076 20 F2         [ 3]   81     bra     decenas_loop
   0078                      82 fin_decenas:
   0078 B6 00 03      [ 5]   83     lda     decenas
q  007B 8B 30         [ 2]   84     adda    #'0'
   007D B7 FF 00      [ 5]   85     sta     pantalla
q  0080 CB 30         [ 2]   86     addb    #'0'
   0082 F7 FF 00      [ 5]   87     stb     pantalla
   0085 FC 00 00      [ 6]   88     ldd     tempSalida
   0088 35 96         [ 9]   89     puls    A,B,X,PC
ASxxxx Assembler V05.00  (Motorola 6809), page 3.
Hexidecimal [16-Bits]

Symbol Table

    .__.$$$.       =   2710 L   |     .__.ABS.       =   0000 G
    .__.CPU.       =   0000 L   |     .__.H$L.       =   0001 L
  0 cent_bucle         001A R   |   0 centenas           0002 R
  0 centenas_loop      004D R   |   0 dec_bucle          002D R
  0 decenas            0003 R   |   0 decenas_loop       006A R
    finProg        =   FF01     |   0 fin_cent           0023 R
  0 fin_centenas       005B R   |   0 fin_dec            0036 R
  0 fin_decenas        0078 R   |   0 imprime_byte       0011 GR
  0 imprime_cadena     0004 GR  |   0 imprime_decima     0045 GR
    pantalla       =   FF00     |   0 pasar_cent         002B R
  0 pasar_dec          003E R   |   0 ret_imprime_ca     000F R
  0 sgte               0006 R   |     teclado        =   FF02 
  0 tempSalida         0000 R

ASxxxx Assembler V05.00  (Motorola 6809), page 4.
Hexidecimal [16-Bits]

Area Table

[_CSEG]
   0 _CODE            size   8A   flags C180
[_DSEG]
   1 _DATA            size    0   flags C0C0

